Sampling batches...:   0%|          | 0/10 [00:00<?, ?it/s]Sampling batches...:  10%|█         | 1/10 [00:09<01:21,  9.10s/it]Sampling batches...:  20%|██        | 2/10 [00:17<01:08,  8.60s/it]Sampling batches...:  30%|███       | 3/10 [00:25<00:59,  8.43s/it]Sampling batches...:  40%|████      | 4/10 [00:33<00:50,  8.36s/it]Sampling batches...:  50%|█████     | 5/10 [00:42<00:41,  8.33s/it]Sampling batches...:  60%|██████    | 6/10 [00:50<00:33,  8.31s/it]Sampling batches...:  70%|███████   | 7/10 [00:58<00:24,  8.32s/it]Sampling batches...:  80%|████████  | 8/10 [01:07<00:16,  8.31s/it]Sampling batches...:  90%|█████████ | 9/10 [01:15<00:08,  8.32s/it]Sampling batches...: 100%|██████████| 10/10 [01:17<00:00,  6.28s/it]Sampling batches...: 100%|██████████| 10/10 [01:17<00:00,  7.70s/it]
reconstructing side-chains:   0%|          | 0/86 [00:00<?, ?it/s]Traceback (most recent call last):
  File "/home1/shewchuk/.conda/envs/bioemu/lib/python3.11/site-packages/bioemu/run_hpacker.py", line 37, in <module>
    _hpacker(args.protein_pdb_in, args.protein_pdb_out)
  File "/home1/shewchuk/.conda/envs/bioemu/lib/python3.11/site-packages/bioemu/run_hpacker.py", line 21, in _hpacker
    raise ImportError(
ImportError: hpacker not found by python executable at /home1/shewchuk/.conda/envs/hpacker/bin/python. Please install hpacker first.  If you have already installed hpacker, try setting HPACKER_PYTHONBIN environment variable to the path of the python executable where hpacker is installed.
                                                                  Traceback (most recent call last):
  File "/project2/rohs_102/shewchuk/TF-conformation/scripts/generate_monomer_confs.py", line 493, in <module>
    _run_chains_mode(args)
  File "/project2/rohs_102/shewchuk/TF-conformation/scripts/generate_monomer_confs.py", line 457, in _run_chains_mode
    topo_path, xtc_path = reconstruct_sidechains(
                          ^^^^^^^^^^^^^^^^^^^^^^^
  File "/project2/rohs_102/shewchuk/TF-conformation/scripts/generate_monomer_confs.py", line 127, in reconstruct_sidechains
    sidechain_relax(
  File "/home1/shewchuk/.conda/envs/bioemu/lib/python3.11/site-packages/bioemu/sidechain_relax.py", line 289, in main
    samples_all_heavy = reconstruct_sidechains(samples)
                        ^^^^^^^^^^^^^^^^^^^^^^^^^^^^^^^
  File "/home1/shewchuk/.conda/envs/bioemu/lib/python3.11/site-packages/bioemu/sidechain_relax.py", line 95, in reconstruct_sidechains
    _run_hpacker(protein_pdb_in, protein_pdb_out)
  File "/home1/shewchuk/.conda/envs/bioemu/lib/python3.11/site-packages/bioemu/sidechain_relax.py", line 68, in _run_hpacker
    raise RuntimeError(f"Error running hpacker: {result.stderr.decode()}")
                                                 ^^^^^^^^^^^^^^^^^^^^
AttributeError: 'NoneType' object has no attribute 'decode'
DEBUG:httpcore.connection:close.started
DEBUG:httpcore.connection:close.complete
