Sampling batches...:   0%|          | 0/10 [00:00<?, ?it/s]Sampling batches...:  10%|█         | 1/10 [00:09<01:21,  9.02s/it]Sampling batches...:  20%|██        | 2/10 [00:17<01:08,  8.58s/it]Sampling batches...:  30%|███       | 3/10 [00:25<00:58,  8.38s/it]Sampling batches...:  40%|████      | 4/10 [00:33<00:49,  8.30s/it]Sampling batches...:  50%|█████     | 5/10 [00:41<00:41,  8.25s/it]Sampling batches...:  60%|██████    | 6/10 [00:49<00:32,  8.23s/it]Sampling batches...:  70%|███████   | 7/10 [00:58<00:24,  8.22s/it]Sampling batches...:  80%|████████  | 8/10 [01:06<00:16,  8.22s/it]Sampling batches...:  90%|█████████ | 9/10 [01:14<00:08,  8.22s/it]Sampling batches...: 100%|██████████| 10/10 [01:22<00:00,  8.22s/it]Sampling batches...: 100%|██████████| 10/10 [01:22<00:00,  8.28s/it]
reconstructing side-chains:   0%|          | 0/97 [00:00<?, ?it/s]Traceback (most recent call last):
  File "/home1/shewchuk/.conda/envs/bioemu/lib/python3.11/site-packages/bioemu/run_hpacker.py", line 37, in <module>
    _hpacker(args.protein_pdb_in, args.protein_pdb_out)
  File "/home1/shewchuk/.conda/envs/bioemu/lib/python3.11/site-packages/bioemu/run_hpacker.py", line 21, in _hpacker
    raise ImportError(
ImportError: hpacker not found by python executable at /home1/shewchuk/.conda/envs/hpacker/bin/python. Please install hpacker first.  If you have already installed hpacker, try setting HPACKER_PYTHONBIN environment variable to the path of the python executable where hpacker is installed.
                                                                  Traceback (most recent call last):
  File "/project2/rohs_102/shewchuk/TF-conformation/scripts/generate_monomer_confs.py", line 493, in <module>
    _run_chains_mode(args)
  File "/project2/rohs_102/shewchuk/TF-conformation/scripts/generate_monomer_confs.py", line 457, in _run_chains_mode
    topo_path, xtc_path = reconstruct_sidechains(
                          ^^^^^^^^^^^^^^^^^^^^^^^
  File "/project2/rohs_102/shewchuk/TF-conformation/scripts/generate_monomer_confs.py", line 127, in reconstruct_sidechains
    sidechain_relax(
  File "/home1/shewchuk/.conda/envs/bioemu/lib/python3.11/site-packages/bioemu/sidechain_relax.py", line 289, in main
    samples_all_heavy = reconstruct_sidechains(samples)
                        ^^^^^^^^^^^^^^^^^^^^^^^^^^^^^^^
  File "/home1/shewchuk/.conda/envs/bioemu/lib/python3.11/site-packages/bioemu/sidechain_relax.py", line 95, in reconstruct_sidechains
    _run_hpacker(protein_pdb_in, protein_pdb_out)
  File "/home1/shewchuk/.conda/envs/bioemu/lib/python3.11/site-packages/bioemu/sidechain_relax.py", line 68, in _run_hpacker
    raise RuntimeError(f"Error running hpacker: {result.stderr.decode()}")
                                                 ^^^^^^^^^^^^^^^^^^^^
AttributeError: 'NoneType' object has no attribute 'decode'
DEBUG:httpcore.connection:close.started
DEBUG:httpcore.connection:close.complete
